{"level":"error","message":"Mon Sep 23 2024 15:41:13 GMT+0530 (India Standard Time)-{}","private":true}
{"level":"error","message":"Mon Sep 23 2024 16:01:01 GMT+0530 (India Standard Time)-{}","private":true}
{"level":"error","message":"Mon Sep 23 2024 16:10:22 GMT+0530 (India Standard Time)-{}","private":true}
{"level":"error","message":"Mon Sep 23 2024 16:41:31 GMT+0530 (India Standard Time)-{\"name\":\"Data Not found Location service\",\"statusCode\":{},\"isOperational\":true}","private":true}
{"level":"error","message":"Mon Sep 23 2024 16:44:31 GMT+0530 (India Standard Time)-{}","private":true}
{"level":"error","message":"Mon Sep 23 2024 16:50:38 GMT+0530 (India Standard Time)-{\"name\":\"Data Not found Location service\",\"statusCode\":{},\"isOperational\":true}","private":true}
{"level":"error","message":"Mon Sep 23 2024 17:53:10 GMT+0530 (India Standard Time)-{\"name\":\"Data Not found Location service\",\"statusCode\":{},\"isOperational\":true}","private":true}
{"level":"error","message":"Mon Sep 23 2024 18:00:39 GMT+0530 (India Standard Time)-{\"name\":\"Data Not found Location service\",\"statusCode\":{},\"isOperational\":true}","private":true}
{"level":"error","message":"Mon Sep 23 2024 18:01:44 GMT+0530 (India Standard Time)-{\"name\":\"Data Not found Location service\",\"statusCode\":{},\"isOperational\":true}","private":true}
{"level":"error","message":"Mon Sep 23 2024 18:02:48 GMT+0530 (India Standard Time)-{\"name\":\"Data Not found Location service\",\"statusCode\":{},\"isOperational\":true}","private":true}
{"level":"error","message":"Mon Sep 23 2024 19:39:58 GMT+0530 (India Standard Time)-{\"name\":\"Data Not found Location service\",\"statusCode\":{},\"isOperational\":true}","private":true}
{"level":"error","message":"Mon Sep 23 2024 19:51:07 GMT+0530 (India Standard Time)-{\"name\":\"Data Not found Location service\",\"statusCode\":{},\"isOperational\":true}","private":true}
{"level":"error","message":"Mon Sep 23 2024 20:02:30 GMT+0530 (India Standard Time)-{\"name\":\"Data Not found Location service\",\"statusCode\":{},\"isOperational\":true}","private":true}
{"level":"error","message":"Mon Sep 23 2024 20:20:31 GMT+0530 (India Standard Time)-{\"name\":\"Data Not found Location service\",\"statusCode\":{},\"isOperational\":true}","private":true}
{"level":"error","message":"Mon Sep 23 2024 20:21:54 GMT+0530 (India Standard Time)-{\"name\":\"Data Not found Location service\",\"statusCode\":{},\"isOperational\":true}","private":true}
{"level":"error","message":"Mon Sep 23 2024 20:24:41 GMT+0530 (India Standard Time)-{\"name\":\"Data Not found Location service\",\"statusCode\":{},\"isOperational\":true}","private":true}
{"level":"error","message":"Mon Sep 23 2024 20:26:12 GMT+0530 (India Standard Time)-{}","private":true}
{"level":"error","message":"Mon Sep 23 2024 20:33:53 GMT+0530 (India Standard Time)-{}","private":true}
{"level":"error","message":"Wed Sep 25 2024 09:56:30 GMT+0530 (India Standard Time)-{\"name\":\"Data Not found Location service\",\"statusCode\":{},\"isOperational\":true}","private":true}
{"level":"error","message":"Wed Sep 25 2024 10:00:00 GMT+0530 (India Standard Time)-{\"name\":\"Data Not found Location service\",\"statusCode\":{},\"isOperational\":true}","private":true}
{"level":"error","message":"Wed Sep 25 2024 10:03:15 GMT+0530 (India Standard Time)-{\"name\":\"Data Not found Location service\",\"statusCode\":{\"name\":\"API Error\",\"statusCode\":500,\"isOperational\":true},\"isOperational\":true}","private":true}
{"level":"error","message":"Wed Sep 25 2024 10:14:45 GMT+0530 (India Standard Time)-{\"name\":\"Data Not Found\",\"statusCode\":{},\"isOperational\":true}","private":true}
{"level":"error","message":"Wed Sep 25 2024 10:28:03 GMT+0530 (India Standard Time)-{\"name\":\"Data Not Found\",\"statusCode\":{},\"isOperational\":true}","private":true}
{"level":"error","message":"Wed Sep 25 2024 10:29:03 GMT+0530 (India Standard Time)-{}","private":true}
{"level":"error","message":"Wed Sep 25 2024 10:35:12 GMT+0530 (India Standard Time)-{}","private":true}
{"level":"error","message":"Wed Sep 25 2024 10:44:50 GMT+0530 (India Standard Time)-{}","private":true}
{"level":"error","message":"Wed Sep 25 2024 10:48:21 GMT+0530 (India Standard Time)-{\"name\":\"Data Not found Location service\",\"statusCode\":{\"name\":\"API Error\",\"statusCode\":500,\"isOperational\":true},\"isOperational\":true}","private":true}
{"level":"error","message":"Wed Sep 25 2024 10:50:56 GMT+0530 (India Standard Time)-{\"name\":\"Data Not found Location service\",\"statusCode\":{\"name\":\"API Error\",\"statusCode\":500,\"isOperational\":true},\"isOperational\":true}","private":true}
{"level":"error","message":"Wed Sep 25 2024 13:59:05 GMT+0530 (India Standard Time)-{\"name\":\"Data not found in Location service\",\"statusCode\":400,\"isOperational\":true}","private":true}
{"level":"error","message":"Wed Sep 25 2024 15:57:33 GMT+0530 (India Standard Time)-{\"name\":\"Failed to retrieve location\",\"statusCode\":500,\"isOperational\":true}","private":true}
{"level":"error","message":"Wed Sep 25 2024 15:58:27 GMT+0530 (India Standard Time)-{\"name\":\"Failed to retrieve location\",\"statusCode\":500,\"isOperational\":true}","private":true}
{"level":"error","message":"Wed Sep 25 2024 16:01:18 GMT+0530 (India Standard Time)-{\"name\":\"Failed to retrieve location\",\"statusCode\":500,\"isOperational\":true}","private":true}
{"level":"error","message":"Wed Sep 25 2024 16:15:11 GMT+0530 (India Standard Time)-{\"name\":\"Failed to update location\",\"statusCode\":400,\"isOperational\":true}","private":true}
{"level":"error","message":"Wed Sep 25 2024 16:15:48 GMT+0530 (India Standard Time)-{\"name\":\"Failed to update location\",\"statusCode\":400,\"isOperational\":true}","private":true}
